<?xml version="1.0" encoding="UTF-8"?>
<!-- Generated by org.testng.reporters.JUnitReportReporter -->
<testsuite skipped="0" hostname="ODBWL-MASWATH" name="com.spotify.oauth2.tests.PlaylistTests" tests="5" failures="0" timestamp="2022-11-29T18:33:04 GMT" time="118.424" errors="0">
  <testcase name="ShouldNotBeAbleToCreateAPlaylistWithName" time="24.851" classname="com.spotify.oauth2.tests.PlaylistTests"/>
  <system-out/>
  <testcase name="ShouldNotBeAbleToCreateAPlaylistWithExpiredToken" time="18.198" classname="com.spotify.oauth2.tests.PlaylistTests"/>
  <system-out/>
  <testcase name="ShouldBeAbleToUpdateAPlaylist" time="24.955" classname="com.spotify.oauth2.tests.PlaylistTests"/>
  <system-out/>
  <testcase name="ShouldBeAbleToCreateAPlaylist" time="25.217" classname="com.spotify.oauth2.tests.PlaylistTests"/>
  <system-out/>
  <testcase name="ShouldBeAbleToGetAPlaylist" time="25.203" classname="com.spotify.oauth2.tests.PlaylistTests"/>
  <system-out/>
</testsuite> <!-- com.spotify.oauth2.tests.PlaylistTests -->
